<?xml version="1.0" encoding="UTF-8"?>
<testsuites>
  <testsuite name="Application Test Suite" tests="13" assertions="29" failures="0" errors="0" time="35.270016">
    <testsuite name="CategoryTest" file="C:\Workspace\General_Workspace\ws3_\CheckPoints\Checkpoint4_\tests\CategoryTest.php" tests="1" assertions="1" failures="0" errors="0" time="2.300131">
      <testcase name="testSeeInDatabase" class="CategoryTest" file="C:\Workspace\General_Workspace\ws3_\CheckPoints\Checkpoint4_\tests\CategoryTest.php" line="10" assertions="1" time="2.300131"/>
    </testsuite>
    <testsuite name="RoutesTest" file="C:\Workspace\General_Workspace\ws3_\CheckPoints\Checkpoint4_\tests\RoutesTest.php" tests="7" assertions="16" failures="0" errors="0" time="14.240813">
      <testcase name="testInvalidRoutes" class="RoutesTest" file="C:\Workspace\General_Workspace\ws3_\CheckPoints\Checkpoint4_\tests\RoutesTest.php" line="7" assertions="1" time="1.986113"/>
      <testcase name="testGetLandingPage" class="RoutesTest" file="C:\Workspace\General_Workspace\ws3_\CheckPoints\Checkpoint4_\tests\RoutesTest.php" line="13" assertions="1" time="2.165124"/>
      <testcase name="testSeeRegistrationLinkOnLandingPage" class="RoutesTest" file="C:\Workspace\General_Workspace\ws3_\CheckPoints\Checkpoint4_\tests\RoutesTest.php" line="19" assertions="3" time="1.876107"/>
      <testcase name="testSeeLoginLinkOnLandingPage" class="RoutesTest" file="C:\Workspace\General_Workspace\ws3_\CheckPoints\Checkpoint4_\tests\RoutesTest.php" line="24" assertions="3" time="2.140123"/>
      <testcase name="testSeeGettingStartedLinkOnLandingPage" class="RoutesTest" file="C:\Workspace\General_Workspace\ws3_\CheckPoints\Checkpoint4_\tests\RoutesTest.php" line="29" assertions="6" time="2.184124"/>
      <testcase name="testGetRegistrationPage" class="RoutesTest" file="C:\Workspace\General_Workspace\ws3_\CheckPoints\Checkpoint4_\tests\RoutesTest.php" line="38" assertions="1" time="2.009114"/>
      <testcase name="testGetLoginPage" class="RoutesTest" file="C:\Workspace\General_Workspace\ws3_\CheckPoints\Checkpoint4_\tests\RoutesTest.php" line="44" assertions="1" time="1.880108"/>
    </testsuite>
    <testsuite name="UsersTest" file="C:\Workspace\General_Workspace\ws3_\CheckPoints\Checkpoint4_\tests\UsersTest.php" tests="3" assertions="11" failures="0" errors="0" time="14.228814">
      <testcase name="testUserRegistrationWithCompleteFormParams" class="UsersTest" file="C:\Workspace\General_Workspace\ws3_\CheckPoints\Checkpoint4_\tests\UsersTest.php" line="7" assertions="6" time="9.286531"/>
      <testcase name="testUserRegistrationWithInCompleteFormParams" class="UsersTest" file="C:\Workspace\General_Workspace\ws3_\CheckPoints\Checkpoint4_\tests\UsersTest.php" line="21" assertions="5" time="3.058175"/>
      <testcase name="testLogout" class="UsersTest" file="C:\Workspace\General_Workspace\ws3_\CheckPoints\Checkpoint4_\tests\UsersTest.php" line="40" assertions="0" time="1.884108"/>
    </testsuite>
    <testsuite name="VideoTest" file="C:\Workspace\General_Workspace\ws3_\CheckPoints\Checkpoint4_\tests\VideoTest.php" tests="2" assertions="1" failures="0" errors="0" time="4.500258">
      <testcase name="testCanCreateVideo" class="VideoTest" file="C:\Workspace\General_Workspace\ws3_\CheckPoints\Checkpoint4_\tests\VideoTest.php" line="22" assertions="1" time="2.310132"/>
      <testcase name="testCanUpdateVideo" class="VideoTest" file="C:\Workspace\General_Workspace\ws3_\CheckPoints\Checkpoint4_\tests\VideoTest.php" line="29" assertions="0" time="2.190126"/>
    </testsuite>
  </testsuite>
</testsuites>
